<?xml version="1.0" encoding="UTF-8"?>
<testng-results ignored="0" total="1" passed="1" failed="0" skipped="0">
  <reporter-output>
  </reporter-output>
  <suite started-at="2023-01-31T17:30:09 IST" name="Default suite" finished-at="2023-01-31T17:30:15 IST" duration-ms="5549">
    <groups>
    </groups>
    <test started-at="2023-01-31T17:30:09 IST" name="Default test" finished-at="2023-01-31T17:30:15 IST" duration-ms="5549">
      <class name="Demo.BasicOfSelenium4.Ty.OpenBrowserTest">
        <test-method signature="openBrowserTest()[pri:0, instance:Demo.BasicOfSelenium4.Ty.OpenBrowserTest@795cd85e]" started-at="2023-01-31T17:30:09 IST" name="openBrowserTest" finished-at="2023-01-31T17:30:15 IST" duration-ms="5494" status="PASS">
          <reporter-output>
          </reporter-output>
        </test-method> <!-- openBrowserTest -->
      </class> <!-- Demo.BasicOfSelenium4.Ty.OpenBrowserTest -->
    </test> <!-- Default test -->
  </suite> <!-- Default suite -->
</testng-results>
